node.exe : Vercel CLI 50.22.1
At line:1 char:1
+ & "C:\Program Files\nodejs/node.exe" "C:\Users\abhik\AppData\Roaming\ ...
+ ~~~~~~~~~~~~~~~~~~~~~~~~~~~~~~~~~~~~~~~~~~~~~~~~~~~~~~~~~~~~~~~~~~~~~
    + CategoryInfo          : NotSpecified: (Vercel CLI 50.22.1:String) [], RemoteException
    + FullyQualifiedErrorId : NativeCommandError
 
WARN! Build not running on Vercel. System environment variables will not be available.
Warning: Due to "engines": { "node": "20.x" } in your `package.json` file, the Node.js Version defined in your Project Settings 
("24.x") will not apply, Node.js Version "20.x" will be used instead. Learn More: https://vercel.link/node-version
Installing dependencies...
npm warn EBADENGINE Unsupported engine {
npm warn EBADENGINE   package: 'vcard-qr-next@0.1.0',
npm warn EBADENGINE   required: { node: '20.x' },
npm warn EBADENGINE   current: { node: 'v24.13.1', npm: '11.5.2' }
npm warn EBADENGINE }

up to date in 727ms

173 packages are looking for funding
  run `npm fund` for details
Detected Next.js version: 15.5.12
Running "npm run build"

> vcard-qr-next@0.1.0 build
> node scripts/check-env.js && next build

--- ENV CHECK ---
NEXT_PUBLIC_SUPABASE_URL: MISSING
NEXT_PUBLIC_SUPABASE_ANON_KEY: MISSING
DODO_PAYMENTS_API_KEY: MISSING
--- END ENV CHECK ---
Attention: Next.js now collects completely anonymous telemetry regarding usage.
This information is used to shape Next.js' roadmap and prioritize features.
You can learn more, including how to opt-out if you'd not like to participate in this anonymous program, by visiting the following URL:
https://nextjs.org/telemetry

   Γû▓ Next.js 15.5.12
   - Environments: .env.local

   Creating an optimized production build ...
<w> [webpack.cache.PackFileCacheStrategy] Serializing big strings (133kiB) impacts deserialization performance (consider using 
Buffer instead and decode when needed)
 Γ£ô Compiled successfully in 15.8s
   Skipping validation of types
   Skipping linting
   Collecting page data ...
   Generating static pages (0/11) ...
   Generating static pages (2/11) 
   Generating static pages (5/11) 
   Generating static pages (8/11) 
 Γ£ô Generating static pages (11/11)
   Finalizing page optimization ...
   Collecting build traces ...

Route (app)                                 Size  First Load JS
Γöî Γùï /                                    5.46 kB         108 kB
Γö£ Γùï /_not-found                            994 B         103 kB
Γö£ ╞Æ /api/subscription/checkout             132 B         102 kB
Γö£ ╞Æ /api/subscription/verify               132 B         102 kB
Γö£ ╞Æ /auth/callback                         132 B         102 kB
Γö£ ╞Æ /comparison/[slug]                     165 B         106 kB
Γö£ Γùï /dashboard                           12.4 kB         172 kB
Γö£ Γùï /login                               2.28 kB         162 kB
Γö£ ╞Æ /p/[id]                                165 B         106 kB
Γö£ ╞Æ /u/[shortId]                           132 B         102 kB
Γöö ╞Æ /vcard/new                           3.59 kB         163 kB
+ First Load JS shared by all             102 kB
  Γö£ chunks/255-ebd51be49873d76c.js         46 kB
  Γö£ chunks/4bd1b696-c023c6e3521b1417.js  54.2 kB
  Γöö other shared chunks (total)          1.99 kB


╞Æ Middleware                             81.7 kB

Γùï  (Static)   prerendered as static content
╞Æ  (Dynamic)  server-rendered on demand

Traced Next.js server files in: 362.755ms
Tracing entries due to missing build traces:
[
  "C:/Users/abhik/OneDrive/Documents/GitHub/vcard-qr-generator/vcard-qr-next/.next/server/app/_not-found/page.js",
  "C:/Users/abhik/OneDrive/Documents/GitHub/vcard-qr-generator/vcard-qr-next/.next/server/app/(auth)/login/page.js",
  "C:/Users/abhik/OneDrive/Documents/GitHub/vcard-qr-generator/vcard-qr-next/.next/server/app/dashboard/page.js",
  "C:/Users/abhik/OneDrive/Documents/GitHub/vcard-qr-generator/vcard-qr-next/.next/server/app/p/[id]/page.js",
  "C:/Users/abhik/OneDrive/Documents/GitHub/vcard-qr-generator/vcard-qr-next/.next/server/app/vcard/new/page.js",
  "C:/Users/abhik/OneDrive/Documents/GitHub/vcard-qr-generator/vcard-qr-next/.next/server/app/comparison/[slug]/page.js",
  "C:/Users/abhik/OneDrive/Documents/GitHub/vcard-qr-generator/vcard-qr-next/.next/server/app/api/subscription/checkout/route.js",
  "C:/Users/abhik/OneDrive/Documents/GitHub/vcard-qr-generator/vcard-qr-next/.next/server/app/api/subscription/verify/route.js",
  "C:/Users/abhik/OneDrive/Documents/GitHub/vcard-qr-generator/vcard-qr-next/.next/server/app/auth/callback/route.js",
  "C:/Users/abhik/OneDrive/Documents/GitHub/vcard-qr-generator/vcard-qr-next/.next/server/app/u/[shortId]/route.js",
  "C:/Users/abhik/OneDrive/Documents/GitHub/vcard-qr-generator/vcard-qr-next/.next/server/app/favicon.ico/route.js"
]: 1.809s
Created all serverless functions in: 1.932s
Collected static files (public/, static/, .next/static): 8.499ms
Build Completed in .vercel\output [37s]
