[    1515ms] [ERROR] A bad HTTP response code (404) was received when fetching the script. @ :0
[   44851ms] [ERROR] A bad HTTP response code (404) was received when fetching the script. @ :0
[  198208ms] [ERROR] A bad HTTP response code (404) was received when fetching the script. @ :0
[  223452ms] [ERROR] A bad HTTP response code (404) was received when fetching the script. @ :0
[  224612ms] [ERROR] A bad HTTP response code (404) was received when fetching the script. @ :0
[  245053ms] [ERROR] A bad HTTP response code (404) was received when fetching the script. @ :0
[  270101ms] [ERROR] A bad HTTP response code (404) was received when fetching the script. @ :0
[  310340ms] [ERROR] A bad HTTP response code (404) was received when fetching the script. @ :0
[  349631ms] [ERROR] Failed to load resource: the server responded with a status of 401 () @ https://www.hostinger.com/api-proxy/api/domain/single-domain-search:0
[  349728ms] [ERROR] Failed to load resource: the server responded with a status of 401 () @ https://www.hostinger.com/api-proxy/api/domain/single-domain-search:0
[  354486ms] [ERROR] Failed to load resource: the server responded with a status of 401 () @ https://www.hostinger.com/api-proxy/api/domain/single-domain-search:0
[  354579ms] [ERROR] Failed to load resource: the server responded with a status of 401 () @ https://www.hostinger.com/api-proxy/api/domain/single-domain-search:0
[  357002ms] [ERROR] Failed to load resource: the server responded with a status of 401 () @ https://www.hostinger.com/api-proxy/api/domain/single-domain-search:0
[  357093ms] [ERROR] Failed to load resource: the server responded with a status of 401 () @ https://www.hostinger.com/api-proxy/api/domain/single-domain-search:0
[  357182ms] [ERROR] Failed to load resource: the server responded with a status of 429 () @ https://www.hostinger.com/api-proxy/api/domain/single-domain-search:0
[  357226ms] [ERROR] Failed to load resource: the server responded with a status of 429 () @ https://www.hostinger.com/api-proxy/api/domain/single-domain-search:0
[  357260ms] [ERROR] Failed to load resource: the server responded with a status of 429 () @ https://www.hostinger.com/api-proxy/api/domain/single-domain-search:0
[  357291ms] [ERROR] Failed to load resource: the server responded with a status of 429 () @ https://www.hostinger.com/api-proxy/api/domain/single-domain-search:0
[  357330ms] [ERROR] Failed to load resource: the server responded with a status of 429 () @ https://www.hostinger.com/api-proxy/api/domain/single-domain-search:0
[  357367ms] [ERROR] Failed to load resource: the server responded with a status of 429 () @ https://www.hostinger.com/api-proxy/api/domain/single-domain-search:0
[  368609ms] [ERROR] Failed to load resource: the server responded with a status of 429 () @ https://www.hostinger.com/api-proxy/api/domain/single-domain-search:0
[  487448ms] [ERROR] Failed to load resource: the server responded with a status of 422 () @ https://cart.hostinger.com/api/v1/cart/22de5cb8-c30a-450d-9fc8-7f4530499807/coupon:0
[  488679ms] [ERROR] Failed to load resource: the server responded with a status of 422 () @ https://cart.hostinger.com/api/v1/cart/22de5cb8-c30a-450d-9fc8-7f4530499807/coupon:0
[  491434ms] [ERROR] Failed to load resource: the server responded with a status of 422 () @ https://cart.hostinger.com/api/v1/cart/22de5cb8-c30a-450d-9fc8-7f4530499807/coupon:0
[  494205ms] [ERROR] Failed to load resource: the server responded with a status of 422 () @ https://cart.hostinger.com/api/v1/cart/22de5cb8-c30a-450d-9fc8-7f4530499807/coupon:0
[  563668ms] [ERROR] Failed to load resource: net::ERR_CONNECTION_TIMED_OUT @ https://analytics.tiktok.com/i18n/pixel/events.js?sdkid=CJ67GBJC77U5K7SP5G20&lib=ttq:0
